Thời điểm xảy ra lỗi: 08:31:11 PM
Hàm/Phương thức sinh lỗi: IJob.Execute()
Chi tiết lỗi: OpenQA.Selenium.StaleElementReferenceException: stale element reference: element is not attached to the page document
  (Session info: chrome=106.0.5249.103)
   at OpenQA.Selenium.WebDriver.UnpackAndThrowOnError(Response errorResponse, String commandToExecute)
   at OpenQA.Selenium.WebDriver.Execute(String driverCommandToExecute, Dictionary`2 parameters)
   at OpenQA.Selenium.WebDriver.InternalExecute(String driverCommandToExecute, Dictionary`2 parameters)
   at OpenQA.Selenium.WebElement.Execute(String commandToExecute, Dictionary`2 parameters)
   at OpenQA.Selenium.WebElement.GetAttribute(String attributeName)
   at JOB_CRAWL_MESSAGE_ZALO.ZaloJobCrawler.Quartz.IJob.Execute(IJobExecutionContext context) in F:\PROJECT\APP_TELEGRAM\APP_TELEGRAM\JOB_CRAWL_ZALO_MESSAGE\ZaloJobCrawler.cs:line 120
-------------------------------------------
Thời điểm xảy ra lỗi: 09:27:45 PM
Hàm/Phương thức sinh lỗi: IJob.Execute()
Chi tiết lỗi: OpenQA.Selenium.NoSuchWindowException: no such window: target window already closed
from unknown error: web view not found
  (Session info: chrome=106.0.5249.103)
   at OpenQA.Selenium.WebDriver.UnpackAndThrowOnError(Response errorResponse, String commandToExecute)
   at OpenQA.Selenium.WebDriver.Execute(String driverCommandToExecute, Dictionary`2 parameters)
   at OpenQA.Selenium.WebDriver.FindElement(String mechanism, String value)
   at OpenQA.Selenium.By.<.ctor>b__11_0(ISearchContext context)
   at OpenQA.Selenium.By.FindElement(ISearchContext context)
   at OpenQA.Selenium.WebDriver.FindElement(By by)
   at JOB_CRAWL_MESSAGE_ZALO.ZaloJobCrawler.Quartz.IJob.Execute(IJobExecutionContext context) in F:\PROJECT\APP_TELEGRAM\APP_TELEGRAM\JOB_CRAWL_ZALO_MESSAGE\ZaloJobCrawler.cs:line 89
-------------------------------------------
