Thời điểm xảy ra lỗi: 10:07:24 PM
Hàm/Phương thức sinh lỗi: IJob.Execute()
Chi tiết lỗi: OpenQA.Selenium.NoSuchElementException: no such element: Unable to locate element: {"method":"xpath","selector":"//div[contains(@id,'group-item-')]"}
  (Session info: chrome=104.0.5112.102)
   at OpenQA.Selenium.WebDriver.UnpackAndThrowOnError(Response errorResponse, String commandToExecute)
   at OpenQA.Selenium.WebDriver.Execute(String driverCommandToExecute, Dictionary`2 parameters)
   at OpenQA.Selenium.WebDriver.FindElement(String mechanism, String value)
   at OpenQA.Selenium.By.<.ctor>b__11_0(ISearchContext context)
   at OpenQA.Selenium.By.FindElement(ISearchContext context)
   at OpenQA.Selenium.WebDriver.FindElement(By by)
   at JOB_CRAWL_MESSAGE_ZALO.ZaloJobCrawler.Quartz.IJob.Execute(IJobExecutionContext context) in F:\PROJECT\APP_TELEGRAM\APP_TELEGRAM\JOB_CRAWL_ZALO_MESSAGE\ZaloJobCrawler.cs:line 52
-------------------------------------------
Thời điểm xảy ra lỗi: 10:19:57 PM
Hàm/Phương thức sinh lỗi: IJob.Execute()
Chi tiết lỗi: OpenQA.Selenium.NoSuchElementException: no such element: Unable to locate element: {"method":"xpath","selector":"//div[contains(@id,'group-item-')]"}
  (Session info: chrome=104.0.5112.102)
   at OpenQA.Selenium.WebDriver.UnpackAndThrowOnError(Response errorResponse, String commandToExecute)
   at OpenQA.Selenium.WebDriver.Execute(String driverCommandToExecute, Dictionary`2 parameters)
   at OpenQA.Selenium.WebDriver.FindElement(String mechanism, String value)
   at OpenQA.Selenium.By.<.ctor>b__11_0(ISearchContext context)
   at OpenQA.Selenium.By.FindElement(ISearchContext context)
   at OpenQA.Selenium.WebDriver.FindElement(By by)
   at JOB_CRAWL_MESSAGE_ZALO.ZaloJobCrawler.Quartz.IJob.Execute(IJobExecutionContext context) in F:\PROJECT\APP_TELEGRAM\APP_TELEGRAM\JOB_CRAWL_ZALO_MESSAGE\ZaloJobCrawler.cs:line 55
-------------------------------------------
Thời điểm xảy ra lỗi: 10:20:23 PM
Hàm/Phương thức sinh lỗi: IJob.Execute()
Chi tiết lỗi: OpenQA.Selenium.NoSuchElementException: no such element: Unable to locate element: {"method":"xpath","selector":"//*[@id='contact-search-input']"}
  (Session info: chrome=104.0.5112.102)
   at OpenQA.Selenium.WebDriver.UnpackAndThrowOnError(Response errorResponse, String commandToExecute)
   at OpenQA.Selenium.WebDriver.Execute(String driverCommandToExecute, Dictionary`2 parameters)
   at OpenQA.Selenium.WebDriver.FindElement(String mechanism, String value)
   at OpenQA.Selenium.By.<.ctor>b__11_0(ISearchContext context)
   at OpenQA.Selenium.By.FindElement(ISearchContext context)
   at OpenQA.Selenium.WebDriver.FindElement(By by)
   at JOB_CRAWL_MESSAGE_ZALO.ZaloJobCrawler.Quartz.IJob.Execute(IJobExecutionContext context) in F:\PROJECT\APP_TELEGRAM\APP_TELEGRAM\JOB_CRAWL_ZALO_MESSAGE\ZaloJobCrawler.cs:line 51
-------------------------------------------
Thời điểm xảy ra lỗi: 10:30:29 PM
Hàm/Phương thức sinh lỗi: IJob.Execute()
Chi tiết lỗi: OpenQA.Selenium.NoSuchElementException: no such element: Unable to locate element: {"method":"xpath","selector":"//div[contains(@id,'group-item-')]"}
  (Session info: chrome=104.0.5112.102)
   at OpenQA.Selenium.WebDriver.UnpackAndThrowOnError(Response errorResponse, String commandToExecute)
   at OpenQA.Selenium.WebDriver.Execute(String driverCommandToExecute, Dictionary`2 parameters)
   at OpenQA.Selenium.WebDriver.FindElement(String mechanism, String value)
   at OpenQA.Selenium.By.<.ctor>b__11_0(ISearchContext context)
   at OpenQA.Selenium.By.FindElement(ISearchContext context)
   at OpenQA.Selenium.WebDriver.FindElement(By by)
   at JOB_CRAWL_MESSAGE_ZALO.ZaloJobCrawler.Quartz.IJob.Execute(IJobExecutionContext context) in F:\PROJECT\APP_TELEGRAM\APP_TELEGRAM\JOB_CRAWL_ZALO_MESSAGE\ZaloJobCrawler.cs:line 56
-------------------------------------------
