Thời điểm xảy ra lỗi: 08:55:25 PM
Hàm/Phương thức sinh lỗi: IJob.Execute()
Chi tiết lỗi: OpenQA.Selenium.NoSuchElementException: no such element: Unable to locate element: {"method":"xpath","selector":"//*[@id='contact-search-input']"}
  (Session info: chrome=104.0.5112.102)
   at OpenQA.Selenium.WebDriver.UnpackAndThrowOnError(Response errorResponse, String commandToExecute)
   at OpenQA.Selenium.WebDriver.Execute(String driverCommandToExecute, Dictionary`2 parameters)
   at OpenQA.Selenium.WebDriver.FindElement(String mechanism, String value)
   at OpenQA.Selenium.By.<.ctor>b__11_0(ISearchContext context)
   at OpenQA.Selenium.By.FindElement(ISearchContext context)
   at OpenQA.Selenium.WebDriver.FindElement(By by)
   at JOB_CRAWL_MESSAGE_ZALO.ZaloJobCrawler.Quartz.IJob.Execute(IJobExecutionContext context) in F:\PROJECT\APP_TELEGRAM\APP_TELEGRAM\JOB_CRAWL_ZALO_MESSAGE\ZaloJobCrawler.cs:line 58
-------------------------------------------
Thời điểm xảy ra lỗi: 09:39:01 PM
Hàm/Phương thức sinh lỗi: IJob.Execute()
Chi tiết lỗi: OpenQA.Selenium.NoSuchElementException: no such element: Unable to locate element: {"method":"xpath","selector":"//div[contains(@id,'group-item-')]"}
  (Session info: chrome=104.0.5112.102)
   at OpenQA.Selenium.WebDriver.UnpackAndThrowOnError(Response errorResponse, String commandToExecute)
   at OpenQA.Selenium.WebDriver.Execute(String driverCommandToExecute, Dictionary`2 parameters)
   at OpenQA.Selenium.WebDriver.FindElement(String mechanism, String value)
   at OpenQA.Selenium.By.<.ctor>b__11_0(ISearchContext context)
   at OpenQA.Selenium.By.FindElement(ISearchContext context)
   at OpenQA.Selenium.WebDriver.FindElement(By by)
   at JOB_CRAWL_MESSAGE_ZALO.ZaloJobCrawler.Quartz.IJob.Execute(IJobExecutionContext context) in F:\PROJECT\APP_TELEGRAM\APP_TELEGRAM\JOB_CRAWL_ZALO_MESSAGE\ZaloJobCrawler.cs:line 66
-------------------------------------------
Thời điểm xảy ra lỗi: 10:48:33 PM
Hàm/Phương thức sinh lỗi: IJob.Execute()
Chi tiết lỗi: OpenQA.Selenium.StaleElementReferenceException: stale element reference: element is not attached to the page document
  (Session info: chrome=104.0.5112.102)
   at OpenQA.Selenium.WebDriver.UnpackAndThrowOnError(Response errorResponse, String commandToExecute)
   at OpenQA.Selenium.WebDriver.Execute(String driverCommandToExecute, Dictionary`2 parameters)
   at OpenQA.Selenium.WebDriver.InternalExecute(String driverCommandToExecute, Dictionary`2 parameters)
   at OpenQA.Selenium.WebElement.Execute(String commandToExecute, Dictionary`2 parameters)
   at OpenQA.Selenium.WebElement.Click()
   at JOB_CRAWL_MESSAGE_ZALO.ZaloJobCrawler.Quartz.IJob.Execute(IJobExecutionContext context) in F:\PROJECT\APP_TELEGRAM\APP_TELEGRAM\JOB_CRAWL_ZALO_MESSAGE\ZaloJobCrawler.cs:line 72
-------------------------------------------
